app/build/outputs/logs/manifest-merger-debug-report.txt
-- Merging decision tree log ---
manifest
ADDED from src\main\AndroidManifest.xml:2:1-35:12
INJECTED from src\main\AndroidManifest.xml:2:1-35:12
INJECTED from src\main\AndroidManifest.xml:2:1-35:12
INJECTED from src\main\AndroidManifest.xml:2:1-35:12
MERGED from [:DataCollectionLib] AndroidManifest.xml:2:1-19:12
INJECTED from src\main\AndroidManifest.xml:2:1-35:12
INJECTED from src\main\AndroidManifest.xml:2:1-35:12
INJECTED from src\main\AndroidManifest.xml:2:1-35:12
	package
		ADDED from src\main\AndroidManifest.xml:2:137-175
		INJECTED from src\main\AndroidManifest.xml
		INJECTED from src\main\AndroidManifest.xml
	android:versionName
		ADDED from src\main\AndroidManifest.xml:2:102-136
		INJECTED from src\main\AndroidManifest.xml
		INJECTED from src\main\AndroidManifest.xml
	xmlns:android
		ADDED from src\main\AndroidManifest.xml:2:11-69
	android:versionCode
		ADDED from src\main\AndroidManifest.xml:2:70-101
		INJECTED from src\main\AndroidManifest.xml
		INJECTED from src\main\AndroidManifest.xml
application
ADDED from src\main\AndroidManifest.xml:4:5-33:19
MERGED from [:DataCollectionLib] AndroidManifest.xml:13:5-17:19
MERGED from [:DataCollectionLib] AndroidManifest.xml:13:5-17:19
	android:label
		ADDED from src\main\AndroidManifest.xml:4:91-123
	android:debuggable
		ADDED from [:DataCollectionLib] AndroidManifest.xml:15:9-35
	android:icon
		ADDED from src\main\AndroidManifest.xml:4:45-90
	android:allowBackup
		ADDED from src\main\AndroidManifest.xml:4:18-44
	android:theme
		ADDED from src\main\AndroidManifest.xml:4:124-155
activity#com.honeywell.barcodeexample.MainActivity
ADDED from src\main\AndroidManifest.xml:5:9-11:20
	android:screenOrientation
		ADDED from src\main\AndroidManifest.xml:5:109-145
	android:label
		ADDED from src\main\AndroidManifest.xml:5:19-51
	android:name
		ADDED from src\main\AndroidManifest.xml:5:52-108
intent-filter#action:name:android.intent.action.MAIN+category:name:android.intent.category.LAUNCHER
ADDED from src\main\AndroidManifest.xml:6:13-10:29
action#android.intent.action.MAIN
ADDED from src\main\AndroidManifest.xml:7:17-68
	android:name
		ADDED from src\main\AndroidManifest.xml:7:25-66
category#android.intent.category.LAUNCHER
ADDED from src\main\AndroidManifest.xml:9:17-76
	android:name
		ADDED from src\main\AndroidManifest.xml:9:27-74
activity#com.honeywell.barcodeexample.AutomaticBarcodeActivity
ADDED from src\main\AndroidManifest.xml:12:9-18:20
	android:screenOrientation
		ADDED from src\main\AndroidManifest.xml:12:120-156
	android:label
		ADDED from src\main\AndroidManifest.xml:12:19-50
	android:name
		ADDED from src\main\AndroidManifest.xml:12:51-119
intent-filter#action:name:android.intent.action.AUTOMATICBARCODEACTIVITY+category:name:android.intent.category.DEFAULT
ADDED from src\main\AndroidManifest.xml:13:13-17:29
action#android.intent.action.AUTOMATICBARCODEACTIVITY
ADDED from src\main\AndroidManifest.xml:14:17-88
	android:name
		ADDED from src\main\AndroidManifest.xml:14:25-86
category#android.intent.category.DEFAULT
ADDED from src\main\AndroidManifest.xml:16:17-75
	android:name
		ADDED from src\main\AndroidManifest.xml:16:27-73
activity#com.honeywell.barcodeexample.ClientBarcodeActivity
ADDED from src\main\AndroidManifest.xml:19:9-25:20
	android:screenOrientation
		ADDED from src\main\AndroidManifest.xml:19:117-153
	android:label
		ADDED from src\main\AndroidManifest.xml:19:19-50
	android:name
		ADDED from src\main\AndroidManifest.xml:19:51-116
intent-filter#action:name:android.intent.action.CLIENTBARCODEACTIVITY+category:name:android.intent.category.DEFAULT
ADDED from src\main\AndroidManifest.xml:20:13-24:29
action#android.intent.action.CLIENTBARCODEACTIVITY
ADDED from src\main\AndroidManifest.xml:21:17-85
	android:name
		ADDED from src\main\AndroidManifest.xml:21:25-83
activity#com.honeywell.barcodeexample.ScannerSelectionBarcodeActivity
ADDED from src\main\AndroidManifest.xml:26:9-32:20
	android:screenOrientation
		ADDED from src\main\AndroidManifest.xml:26:127-163
	android:label
		ADDED from src\main\AndroidManifest.xml:26:19-50
	android:name
		ADDED from src\main\AndroidManifest.xml:26:51-126
intent-filter#action:name:android.intent.action.SCANNERSELECTBARCODEACTIVITY+category:name:android.intent.category.DEFAULT
ADDED from src\main\AndroidManifest.xml:27:13-31:29
action#android.intent.action.SCANNERSELECTBARCODEACTIVITY
ADDED from src\main\AndroidManifest.xml:28:17-92
	android:name
		ADDED from src\main\AndroidManifest.xml:28:25-90
uses-sdk
INJECTED from src\main\AndroidManifest.xml reason: use-sdk injection requested
INJECTED from src\main\AndroidManifest.xml
INJECTED from src\main\AndroidManifest.xml
MERGED from [:DataCollectionLib] AndroidManifest.xml:7:5-9:41
MERGED from [:DataCollectionLib] AndroidManifest.xml:7:5-9:41
INJECTED from src\main\AndroidManifest.xml
INJECTED from src\main\AndroidManifest.xml
	android:targetSdkVersion
		INJECTED from src\main\AndroidManifest.xml
		ADDED from src\main\AndroidManifest.xml
		INJECTED from src\main\AndroidManifest.xml
	android:minSdkVersion
		INJECTED from src\main\AndroidManifest.xml
		ADDED from src\main\AndroidManifest.xml
		INJECTED from src\main\AndroidManifest.xml
uses-permission#com.honeywell.decode.permission.DECODE
ADDED from [:DataCollectionLib] AndroidManifest.xml:11:5-78
	android:name
		ADDED from [:DataCollectionLib] AndroidManifest.xml:11:22-75